make.exe all -f A:\00_SHIELD\02_Codes\06_Cpp_for_Emb\Makefile --print-data-base --no-builtin-variables --no-builtin-rules --question
make: *** No rule to make target 'all'.  Stop.
 
# GNU Make 4.3
 
# Built for x86_64-pc-msys
# Copyright (C) 1988-2020 Free Software Foundation, Inc.
# License GPLv3+: GNU GPL version 3 or later <http://gnu.org/licenses/gpl.html>
# This is free software: you are free to change and redistribute it.
# There is NO WARRANTY, to the extent permitted by law.
 

# Make data base, printed on Wed Mar 23 17:22:32 2022

# Variables
 

# environment
FPS_BROWSER_APP_PROFILE_STRING = Internet Explorer
# environment
SYSTEMDRIVE = C:
# environment
LC_ALL = C
# environment
USERPROFILE = C:\Users\mmich
# environment
LOCALAPPDATA = C:\Users\mmich\AppData\Local
# environment
VSCODE_IPC_HOOK_EXTHOST = \\.\pipe\vscode-ipc-639ea5e3-dfc9-4183-a16b-a2c6d8544597-sock
# environment
VSCODE_CWD = A:\00_SHIELD\02_Codes\03_C
# environment
CARBON_MEM_DISABLE = 1
# environment
SYSTEMROOT = C:\Windows
# environment
PROCESSOR_LEVEL = 6
# environment
PSMODULEPATH = C:\Users\mmich\Documents\WindowsPowerShell\Modules;C:\Program Files\WindowsPowerShell\Modules;C:\Windows\system32\WindowsPowerShell\v1.0\Modules
 
# default
MAKE_COMMAND := make
# automatic
@D = $(patsubst %/,%,$(dir $@))
# environment
CHROME_CRASHPAD_PIPE_NAME = \\.\pipe\crashpad_14584_BCPHLQAHZWDBZHZU
# environment
FPS_BROWSER_USER_PROFILE_STRING = Default
# environment
VSCODE_HANDLES_UNCAUGHT_ERRORS = true
# default
.VARIABLES := 
# automatic
%D = $(patsubst %/,%,$(dir $%))
# environment
SW_SIM_HYDRA = C:\Program Files\Common Files\SolidWorks Shared\Simulation Worker Agent\
# automatic
^D = $(patsubst %/,%,$(dir $^))
# environment
VSCODE_LOG_STACK = false
# automatic
%F = $(notdir $%)
# environment
VSCODE_CODE_CACHE_PATH = C:\Users\mmich\AppData\Roaming\Code\CachedData\c722ca6c7eed3d7987c0d5c3df5c45f6b15e77d1
# environment
LANG = C
# default
.LOADED := 
# environment
TMP = /c/Users/mmich/AppData/Local/Temp
# default
.INCLUDE_DIRS = /usr/include /usr/include
# makefile
MAKEFLAGS = pqrR
# environment
ONEDRIVE = C:\Users\mmich\OneDrive
# makefile
CURDIR := /a/00_SHIELD/02_Codes/03_C/C_How_To_Program/01_Chapter_4/DiamondPrintingProgram
# environment
VSCODE_PIPE_LOGGING = true
# environment
APPLICATION_INSIGHTS_NO_DIAGNOSTIC_CHANNEL = 1
# automatic
*D = $(patsubst %/,%,$(dir $*))
# environment
PROGRAMFILES = C:\Program Files
# environment
MFLAGS = -pqrR
# default
.SHELLFLAGS := -c
# environment
COMMONPROGRAMW6432 = C:\Program Files\Common Files
# automatic
+D = $(patsubst %/,%,$(dir $+))
# makefile (from 'A:\00_SHIELD\02_Codes\06_Cpp_for_Emb\Makefile', line 1)
MAKEFILE_LIST := A:\00_SHIELD\02_Codes\06_Cpp_for_Emb\Makefile
# automatic
@F = $(notdir $@)
# environment
VSCODE_VERBOSE_LOGGING = true
# environment
VSCODE_PID = 14584
# automatic
?D = $(patsubst %/,%,$(dir $?))
# automatic
*F = $(notdir $*)
# environment
!A: = a:\00_SHIELD\02_Codes\03_C\C_How_To_Program\01_Chapter_4\DiamondPrintingProgram
# environment
SW_SIM_TEMP = C:\ProgramData\SOLIDWORKS\SW_net_sim_temp\
# automatic
<D = $(patsubst %/,%,$(dir $<))
# makefile (from 'A:\00_SHIELD\02_Codes\06_Cpp_for_Emb\Makefile', line 5)
PROJ_DIR = $(unixpath)
# environment
VSCODE_NLS_CONFIG = {"locale":"en-us","availableLanguages":{},"_languagePackSupport":true}
# environment
ONEDRIVECONSUMER = C:\Users\mmich\OneDrive
# default
MAKE_HOST := x86_64-pc-msys
# environment
PROGRAMDATA = C:\ProgramData
# default
SHELL := /bin/sh
# environment
HOMEPATH = \Users\mmich
# default
MAKECMDGOALS := all
# environment
DRIVERDATA = C:\Windows\System32\Drivers\DriverData
# environment
COMSPEC = C:\Windows\system32\cmd.exe
# environment
WINDIR = C:\Windows
# environment
MAKELEVEL := 0
# default
MAKE = $(MAKE_COMMAND)
# environment
PATH = /c/Program Files/Python38/Scripts:/c/Program Files/Python38:/c/Program Files (x86)/Common Files/Oracle/Java/javapath:/c/Program Files/Java/jdk1.8.0_311/bin:/c/Program Files/Microsoft/jdk-11.0.12.7-hotspot/bin:/c/Windows/system32:/c/Windows:/c/Windows/System32/Wbem:/c/Windows/System32/WindowsPowerShell/v1.0:/c/Windows/System32/OpenSSH:/c/Windows/System32/cmd.exe:/c/Program Files (x86)/NVIDIA Corporation/PhysX/Common:/c/Program Files/Microchip/xc8/v2.31/bin:/c/Program Files (x86)/HP/Common/HPDestPlgIn:/c/Program Files (x86)/HP/IdrsOCR_15.2.10.1114:/c/Program Files/dotnet:/c/Program Files (x86)/Windows Kits/8.1/Windows Performance Toolkit:/c/Program Files/Git/cmd:/c/Program Files/Git/bin:/c/Program Files/Polyspace/R2021a/runtime/win64:/c/Program Files/Polyspace/R2021a/bin:/c/Program Files/Polyspace/R2021a/polyspace/bin:/c/Program Files/Git:/mingw64/bin:/usr/bin:/a/00_SHIELD/02_Codes/04_Batch_Files:/c/Program Files/Python38/Lib/site-packages/PySide2:/c/Users/mmich/AppData/Local/Microsoft/WindowsApps:/c/Program Files (x86)/HP/Common/HPDestPlgIn:/c/Users/mmich/.dotnet/tools:/c/Users/mmich/AppData/Local/Programs/Microsoft VS Code/bin:/c/Program Files (x86)/GitHub CLI
# environment
COMPUTERNAME = DESKTOP-8VU7JC4
# default
MAKEFILES := 
# automatic
^F = $(notdir $^)
# environment
SW_SIM_MPIT = INTELMPI
# makefile (from 'A:\00_SHIELD\02_Codes\06_Cpp_for_Emb\Makefile', line 3)
unixpath = $(subst \,/,$(PROJ_NAME))
# environment
PROMPT = $P$G
# environment
LOGONSERVER = \\DESKTOP-8VU7JC4
# environment
VSCODE_LOG_NATIVE = false
# environment
USERNAME = Michael_Ibrahim
# environment
COMMONPROGRAMFILES = C:\Program Files\Common Files
# automatic
?F = $(notdir $?)
# environment
PROGRAMW6432 = C:\Program Files
# environment
 
PATHEXT = .COM;.EXE;.BAT;.CMD;.VBS;.VBE;.JS;.JSE;.WSF;.WSH;.MSC;.PY;.PYW;.CPL
# automatic
+F = $(notdir $+)
# environment
ORIGINAL_XDG_CURRENT_DESKTOP = undefined
# environment
USERDOMAIN = DESKTOP-8VU7JC4
# 'override' directive
GNUMAKEFLAGS := 
# environment
OS = Windows_NT
# makefile
.DEFAULT_GOAL := build
# default
MAKE_VERSION := 4.3
# environment
PROGRAMFILES(X86) = C:\Program Files (x86)
# makefile (from 'A:\00_SHIELD\02_Codes\06_Cpp_for_Emb\Makefile', line 11)
LDFLAGS = -Wl,-Map,$(PROJ_DIR)/$(OUT_FILE_NAME).map,--print-memory-usage
# environment
USERDOMAIN_ROAMINGPROFILE = DESKTOP-8VU7JC4
# environment
NUMBER_OF_PROCESSORS = 4
# environment
PUBLIC = C:\Users\Public
# environment
MOZ_PLUGIN_PATH = C:\Program Files (x86)\Foxit Software\Foxit PDF Reader\plugins\
# environment
APPDATA = C:\Users\mmich\AppData\Roaming
# environment
HOMEDRIVE = C:
# environment
PROCESSOR_ARCHITECTURE = AMD64
# environment
VSCODE_AMD_ENTRYPOINT = vs/workbench/api/node/extensionHostProcess
# environment
HOME = /home/Michael_Ibrahim
# environment
COMMONPROGRAMFILES(X86) = C:\Program Files (x86)\Common Files
# environment
ELECTRON_RUN_AS_NODE = 1
# environment
TEMP = /c/Users/mmich/AppData/Local/Temp
# environment
VSCODE_IPC_HOOK = \\.\pipe\093c7f926a7e2bc36dd1b1418edfa8f5-1.65.2-main-sock
# environment
TERM = xterm-256color
# default
.RECIPEPREFIX := 
# automatic
<F = $(notdir $<)
# default
SUFFIXES := 
# environment
ALLUSERSPROFILE = C:\ProgramData
# makefile (from 'A:\00_SHIELD\02_Codes\06_Cpp_for_Emb\Makefile', line 7)
OUT_FILE_NAME = out
# environment
SESSIONNAME = Console
# environment
VSCODE_CLI = 1
# environment
ELECTRON_NO_ATTACH_CONSOLE = 1
# makefile (from 'A:\00_SHIELD\02_Codes\06_Cpp_for_Emb\Makefile', line 10)
CXXFLAGS = -fdiagnostics-color=always -Wall -g
# default
.FEATURES := target-specific order-only second-expansion else-if shortest-stem undefine oneshell nocomment grouped-target extra-prereqs archives jobserver output-sync check-symlink load
# environment
PROCESSOR_REVISION = 4501
# makefile (from 'A:\00_SHIELD\02_Codes\06_Cpp_for_Emb\Makefile', line 9)
CXX = g++
# environment
PROCESSOR_IDENTIFIER = Intel64 Family 6 Model 69 Stepping 1, GenuineIntel
# variable set hash-table stats:
 
# Load=110/1024=11%, Rehash=0, Collisions=12/137=9%

# Pattern-specific Variable Values

# No pattern-specific variable values.

# Directories


# No files, no impossibilities in 0 directories.

# Implicit Rules

# No implicit rules.

# Files

clean:
#  Phony target (prerequisite of .PHONY).
#  Implicit rule search has not been done.
#  File does not exist.
#  File has not been updated.
#  recipe to execute (from 'A:\00_SHIELD\02_Codes\06_Cpp_for_Emb\Makefile', line 20):
		@echo "Cleaning ....."
		@rm -f $(PROJ_DIR)/*.exe $(PROJ_DIR)/*.o $(PROJ_DIR)/*.map $(PROJ_DIR)/*.asm
		@echo "############# Done #############"

# Not a target:
A:\00_SHIELD\02_Codes\06_Cpp_for_Emb\Makefile:
#  Implicit rule search has been done.
#  Last modified 2022-02-02 11:27:57.8028463
#  File has been updated.
#  Successfully updated.

# Not a target:
.DEFAULT:
#  Implicit rule search has not been done.
 
#  Modification time never checked.
#  File has not been updated.

# Not a target:
all:
#  Command line target.
#  Implicit rule search has been done.
#  File does not exist.
#  File has not been updated.

run:
#  Phony target (prerequisite of .PHONY).
#  Implicit rule search has not been done.
#  File does not exist.
#  File has not been updated.
#  recipe to execute (from 'A:\00_SHIELD\02_Codes\06_Cpp_for_Emb\Makefile', line 27):
	@$(PROJ_DIR)/$(OUT_FILE_NAME).exe

build:
#  Phony target (prerequisite of .PHONY).
#  Implicit rule search has not been done.
#  File does not exist.
#  File has not been updated.
#  recipe to execute (from 'A:\00_SHIELD\02_Codes\06_Cpp_for_Emb\Makefile', line 15):
		@echo "Building project at path $(PROJ_DIR)"
		@$(CXX) $(CXXFLAGS) $(PROJ_DIR)/*.c* -o $(PROJ_DIR)/$(OUT_FILE_NAME).exe $(LDFLAGS)
		@objdump -S --disassemble $(PROJ_DIR)/$(OUT_FILE_NAME).exe > $(PROJ_DIR)/$(OUT_FILE_NAME).asm
		@echo "############# Done #############"

rebuild: clean build
#  Phony target (prerequisite of .PHONY).
#  Implicit rule search has not been done.
#  File does not exist.
#  File has not been updated.

.PHONY: build clean rebuild run
#  Implicit rule search has not been done.
#  Modification time never checked.
#  File has not been updated.

# files hash-table stats:
# Load=9/1024=1%, Rehash=0, Collisions=0/25=0%
# VPATH Search Paths

# No 'vpath' search paths.

# No general ('VPATH' variable) search path.

# strcache buffers: 1 (0) / strings = 10 / storage = 113 B / avg = 11 B
# current buf: size = 8162 B / used = 113 B / count = 10 / avg = 11 B

# strcache performance: lookups = 24 / hit rate = 58%
# hash-table stats:
# Load=10/8192=0%, Rehash=0, Collisions=0/24=0%
# Finished Make data base on Wed Mar 23 17:22:32 2022

 
